<?xml version="1.0" encoding="UTF-8"?>
<!-- Generated by org.testng.reporters.JUnitReportReporter -->
<testsuite hostname="Samih" failures="0" tests="1" name="sesion.Testlog" time="12.319" errors="0" timestamp="2024-04-08T11:57:03 CDT" skipped="0">
  <testcase classname="sesion.Testlog" name="login" time="12.319"/>
  <system-out/>
</testsuite> <!-- sesion.Testlog -->
